<?xml version="1.0" encoding="UTF-8"?>
<testsuites>
	<testsuite tests="1" errors="0" failures="0" time="0.104" timestamp="2015-05-08T19:16:22">
		<testcase classname="someModule" name="someModule #someFunction does something " time="0.061">
		</testcase>
	</testsuite>
</testsuites>

