<?xml version="1.0" encoding="UTF-8"?>
<testsuites>
	<testsuite tests="1" errors="0" failures="0" time="0.082" timestamp="2015-05-21T23:55:38">
		<testcase classname="someModule" name="someModule #someFunction does something " time="0.047">
		</testcase>
	</testsuite>
</testsuites>

